<?xml version="1.0" encoding="UTF-8"?>
<!-- Generated by org.testng.reporters.JUnitReportReporter -->
<testsuite hostname="DESKTOP-Q58UT32" failures="0" tests="1" name="QUALITY_TESTRUNNER.Quality_TestRunner" time="13.540" errors="0" timestamp="2023-07-03T02:26:08 EDT" skipped="0">
  <testcase classname="QUALITY_TESTRUNNER.Quality_TestRunner" name="feature" time="13.540"/>
  <system-out/>
</testsuite> <!-- QUALITY_TESTRUNNER.Quality_TestRunner -->
